<?xml version="1.0" encoding="UTF-8"?>
<!-- Generated by org.testng.reporters.JUnitReportReporter -->
<testsuite skipped="0" hostname="MACW56SLPC0190" name="com.practice.automation.runnner.CucumberRunnerTest" tests="1" failures="0" timestamp="04 Apr 2020 17:49:59 GMT" time="0.306" errors="0">
  <testcase name="login" time="0.306" classname="com.practice.automation.runnner.CucumberRunnerTest"/>
</testsuite> <!-- com.practice.automation.runnner.CucumberRunnerTest -->
